{"C:\\Users\\patri\\OneDrive\\Documentos\\GitHub\\ASYS5131-Ferreteria\\API-Ferreteria\\src\\app.js": {"path":"C:\\Users\\patri\\OneDrive\\Documentos\\GitHub\\ASYS5131-Ferreteria\\API-Ferreteria\\src\\app.js","statementMap":{"0":{"start":{"line":10,"column":24},"end":{"line":10,"column":60}},"1":{"start":{"line":11,"column":24},"end":{"line":11,"column":60}},"2":{"start":{"line":14,"column":16},"end":{"line":14,"column":34}},"3":{"start":{"line":15,"column":15},"end":{"line":15,"column":32}},"4":{"start":{"line":16,"column":18},"end":{"line":16,"column":47}},"5":{"start":{"line":17,"column":13},"end":{"line":17,"column":28}},"6":{"start":{"line":18,"column":15},"end":{"line":18,"column":32}},"7":{"start":{"line":22,"column":15},"end":{"line":22,"column":24}},"8":{"start":{"line":25,"column":0},"end":{"line":25,"column":25}},"9":{"start":{"line":28,"column":0},"end":{"line":28,"column":26}},"10":{"start":{"line":29,"column":0},"end":{"line":29,"column":19}},"11":{"start":{"line":30,"column":0},"end":{"line":30,"column":27}},"12":{"start":{"line":31,"column":0},"end":{"line":31,"column":37}},"13":{"start":{"line":32,"column":0},"end":{"line":32,"column":21}},"14":{"start":{"line":35,"column":0},"end":{"line":35,"column":33}},"15":{"start":{"line":36,"column":0},"end":{"line":36,"column":42}},"16":{"start":{"line":39,"column":0},"end":{"line":39,"column":75}},"17":{"start":{"line":42,"column":0},"end":{"line":44,"column":3}},"18":{"start":{"line":43,"column":2},"end":{"line":43,"column":67}},"19":{"start":{"line":46,"column":0},"end":{"line":46,"column":24}}},"fnMap":{"0":{"name":"(anonymous_0)","decl":{"start":{"line":42,"column":11},"end":{"line":42,"column":12}},"loc":{"start":{"line":42,"column":31},"end":{"line":44,"column":1}},"line":42}},"branchMap":{},"s":{"0":1,"1":1,"2":1,"3":1,"4":1,"5":1,"6":1,"7":1,"8":1,"9":1,"10":1,"11":1,"12":1,"13":1,"14":1,"15":1,"16":1,"17":1,"18":0,"19":1},"f":{"0":0},"b":{},"_coverageSchema":"1a1c01bbd47fc00a2c39e90264f33305004495a9","hash":"ee0652600d781b991f7fe00a626b54155ef21c05"}
,"C:\\Users\\patri\\OneDrive\\Documentos\\GitHub\\ASYS5131-Ferreteria\\API-Ferreteria\\src\\config.js": {"path":"C:\\Users\\patri\\OneDrive\\Documentos\\GitHub\\ASYS5131-Ferreteria\\API-Ferreteria\\src\\config.js","statementMap":{"0":{"start":{"line":15,"column":15},"end":{"line":15,"column":32}},"1":{"start":{"line":16,"column":0},"end":{"line":16,"column":16}},"2":{"start":{"line":18,"column":43},"end":{"line":18,"column":54}},"3":{"start":{"line":20,"column":24},"end":{"line":25,"column":1}},"4":{"start":{"line":28,"column":0},"end":{"line":34,"column":3}},"5":{"start":{"line":29,"column":2},"end":{"line":33,"column":3}},"6":{"start":{"line":30,"column":4},"end":{"line":32,"column":6}},"7":{"start":{"line":36,"column":0},"end":{"line":36,"column":33}}},"fnMap":{"0":{"name":"(anonymous_0)","decl":{"start":{"line":28,"column":40},"end":{"line":28,"column":41}},"loc":{"start":{"line":28,"column":60},"end":{"line":34,"column":1}},"line":28}},"branchMap":{"0":{"loc":{"start":{"line":21,"column":8},"end":{"line":21,"column":27}},"type":"binary-expr","locations":[{"start":{"line":21,"column":8},"end":{"line":21,"column":12}},{"start":{"line":21,"column":16},"end":{"line":21,"column":27}}],"line":21},"1":{"loc":{"start":{"line":22,"column":12},"end":{"line":22,"column":42}},"type":"binary-expr","locations":[{"start":{"line":22,"column":12},"end":{"line":22,"column":20}},{"start":{"line":22,"column":24},"end":{"line":22,"column":42}}],"line":22},"2":{"loc":{"start":{"line":23,"column":8},"end":{"line":23,"column":37}},"type":"binary-expr","locations":[{"start":{"line":23,"column":8},"end":{"line":23,"column":12}},{"start":{"line":23,"column":16},"end":{"line":23,"column":37}}],"line":23},"3":{"loc":{"start":{"line":24,"column":12},"end":{"line":24,"column":26}},"type":"binary-expr","locations":[{"start":{"line":24,"column":12},"end":{"line":24,"column":20}},{"start":{"line":24,"column":24},"end":{"line":24,"column":26}}],"line":24},"4":{"loc":{"start":{"line":29,"column":2},"end":{"line":33,"column":3}},"type":"if","locations":[{"start":{"line":29,"column":2},"end":{"line":33,"column":3}},{"start":{},"end":{}}],"line":29},"5":{"loc":{"start":{"line":29,"column":6},"end":{"line":29,"column":36}},"type":"binary-expr","locations":[{"start":{"line":29,"column":6},"end":{"line":29,"column":12}},{"start":{"line":29,"column":16},"end":{"line":29,"column":36}}],"line":29}},"s":{"0":1,"1":1,"2":1,"3":1,"4":1,"5":4,"6":0,"7":1},"f":{"0":4},"b":{"0":[1,0],"1":[1,0],"2":[1,0],"3":[1,0],"4":[0,4],"5":[4,0]},"_coverageSchema":"1a1c01bbd47fc00a2c39e90264f33305004495a9","hash":"bbaaa575a87fb2559dc1523f703396f670a217e1"}
,"C:\\Users\\patri\\OneDrive\\Documentos\\GitHub\\ASYS5131-Ferreteria\\API-Ferreteria\\src\\controllers\\productos.controller.js": {"path":"C:\\Users\\patri\\OneDrive\\Documentos\\GitHub\\ASYS5131-Ferreteria\\API-Ferreteria\\src\\controllers\\productos.controller.js","statementMap":{"0":{"start":{"line":23,"column":18},"end":{"line":23,"column":49}},"1":{"start":{"line":26,"column":20},"end":{"line":30,"column":1}},"2":{"start":{"line":32,"column":17},"end":{"line":36,"column":1}},"3":{"start":{"line":39,"column":20},"end":{"line":42,"column":1}},"4":{"start":{"line":40,"column":2},"end":{"line":40,"column":23}},"5":{"start":{"line":41,"column":2},"end":{"line":41,"column":81}},"6":{"start":{"line":45,"column":24},"end":{"line":70,"column":1}},"7":{"start":{"line":46,"column":2},"end":{"line":69,"column":3}},"8":{"start":{"line":47,"column":22},"end":{"line":47,"column":43}},"9":{"start":{"line":48,"column":31},"end":{"line":61,"column":6}},"10":{"start":{"line":63,"column":4},"end":{"line":65,"column":5}},"11":{"start":{"line":64,"column":6},"end":{"line":64,"column":87}},"12":{"start":{"line":66,"column":4},"end":{"line":66,"column":21}},"13":{"start":{"line":68,"column":4},"end":{"line":68,"column":28}},"14":{"start":{"line":73,"column":22},"end":{"line":109,"column":1}},"15":{"start":{"line":74,"column":2},"end":{"line":108,"column":3}},"16":{"start":{"line":75,"column":19},"end":{"line":75,"column":29}},"17":{"start":{"line":76,"column":4},"end":{"line":78,"column":5}},"18":{"start":{"line":77,"column":6},"end":{"line":77,"column":82}},"19":{"start":{"line":80,"column":22},"end":{"line":80,"column":43}},"20":{"start":{"line":81,"column":31},"end":{"line":100,"column":6}},"21":{"start":{"line":102,"column":4},"end":{"line":104,"column":5}},"22":{"start":{"line":103,"column":6},"end":{"line":103,"column":93}},"23":{"start":{"line":105,"column":4},"end":{"line":105,"column":21}},"24":{"start":{"line":107,"column":4},"end":{"line":107,"column":28}},"25":{"start":{"line":111,"column":26},"end":{"line":144,"column":1}},"26":{"start":{"line":112,"column":2},"end":{"line":143,"column":3}},"27":{"start":{"line":113,"column":23},"end":{"line":113,"column":33}},"28":{"start":{"line":114,"column":4},"end":{"line":116,"column":5}},"29":{"start":{"line":115,"column":6},"end":{"line":115,"column":86}},"30":{"start":{"line":118,"column":22},"end":{"line":118,"column":43}},"31":{"start":{"line":119,"column":20},"end":{"line":135,"column":6}},"32":{"start":{"line":137,"column":4},"end":{"line":139,"column":5}},"33":{"start":{"line":138,"column":6},"end":{"line":138,"column":93}},"34":{"start":{"line":140,"column":4},"end":{"line":140,"column":22}},"35":{"start":{"line":142,"column":4},"end":{"line":142,"column":28}},"36":{"start":{"line":146,"column":19},"end":{"line":167,"column":1}},"37":{"start":{"line":147,"column":2},"end":{"line":166,"column":3}},"38":{"start":{"line":148,"column":22},"end":{"line":148,"column":43}},"39":{"start":{"line":149,"column":20},"end":{"line":158,"column":6}},"40":{"start":{"line":160,"column":4},"end":{"line":162,"column":5}},"41":{"start":{"line":161,"column":6},"end":{"line":161,"column":78}},"42":{"start":{"line":163,"column":4},"end":{"line":163,"column":22}},"43":{"start":{"line":165,"column":4},"end":{"line":165,"column":28}},"44":{"start":{"line":170,"column":24},"end":{"line":175,"column":1}}},"fnMap":{"0":{"name":"(anonymous_0)","decl":{"start":{"line":39,"column":20},"end":{"line":39,"column":21}},"loc":{"start":{"line":39,"column":36},"end":{"line":42,"column":1}},"line":39},"1":{"name":"(anonymous_1)","decl":{"start":{"line":45,"column":24},"end":{"line":45,"column":25}},"loc":{"start":{"line":45,"column":44},"end":{"line":70,"column":1}},"line":45},"2":{"name":"(anonymous_2)","decl":{"start":{"line":73,"column":22},"end":{"line":73,"column":23}},"loc":{"start":{"line":73,"column":42},"end":{"line":109,"column":1}},"line":73},"3":{"name":"(anonymous_3)","decl":{"start":{"line":111,"column":26},"end":{"line":111,"column":27}},"loc":{"start":{"line":111,"column":46},"end":{"line":144,"column":1}},"line":111},"4":{"name":"(anonymous_4)","decl":{"start":{"line":146,"column":19},"end":{"line":146,"column":20}},"loc":{"start":{"line":146,"column":39},"end":{"line":167,"column":1}},"line":146}},"branchMap":{"0":{"loc":{"start":{"line":63,"column":4},"end":{"line":65,"column":5}},"type":"if","locations":[{"start":{"line":63,"column":4},"end":{"line":65,"column":5}},{"start":{},"end":{}}],"line":63},"1":{"loc":{"start":{"line":76,"column":4},"end":{"line":78,"column":5}},"type":"if","locations":[{"start":{"line":76,"column":4},"end":{"line":78,"column":5}},{"start":{},"end":{}}],"line":76},"2":{"loc":{"start":{"line":76,"column":8},"end":{"line":76,"column":24}},"type":"binary-expr","locations":[{"start":{"line":76,"column":8},"end":{"line":76,"column":11}},{"start":{"line":76,"column":15},"end":{"line":76,"column":24}}],"line":76},"3":{"loc":{"start":{"line":102,"column":4},"end":{"line":104,"column":5}},"type":"if","locations":[{"start":{"line":102,"column":4},"end":{"line":104,"column":5}},{"start":{},"end":{}}],"line":102},"4":{"loc":{"start":{"line":114,"column":4},"end":{"line":116,"column":5}},"type":"if","locations":[{"start":{"line":114,"column":4},"end":{"line":116,"column":5}},{"start":{},"end":{}}],"line":114},"5":{"loc":{"start":{"line":137,"column":4},"end":{"line":139,"column":5}},"type":"if","locations":[{"start":{"line":137,"column":4},"end":{"line":139,"column":5}},{"start":{},"end":{}}],"line":137},"6":{"loc":{"start":{"line":160,"column":4},"end":{"line":162,"column":5}},"type":"if","locations":[{"start":{"line":160,"column":4},"end":{"line":162,"column":5}},{"start":{},"end":{}}],"line":160}},"s":{"0":1,"1":1,"2":1,"3":1,"4":6,"5":6,"6":1,"7":2,"8":2,"9":2,"10":2,"11":1,"12":1,"13":0,"14":1,"15":2,"16":2,"17":2,"18":0,"19":2,"20":2,"21":0,"22":0,"23":0,"24":2,"25":1,"26":2,"27":2,"28":2,"29":0,"30":2,"31":2,"32":0,"33":0,"34":0,"35":2,"36":1,"37":2,"38":2,"39":2,"40":0,"41":0,"42":0,"43":2,"44":1},"f":{"0":6,"1":2,"2":2,"3":2,"4":2},"b":{"0":[1,1],"1":[0,2],"2":[2,2],"3":[0,0],"4":[0,2],"5":[0,0],"6":[0,0]},"_coverageSchema":"1a1c01bbd47fc00a2c39e90264f33305004495a9","hash":"932dc44516b59ca09f73441c929cac977bf03cdb"}
,"C:\\Users\\patri\\OneDrive\\Documentos\\GitHub\\ASYS5131-Ferreteria\\API-Ferreteria\\src\\database\\database.js": {"path":"C:\\Users\\patri\\OneDrive\\Documentos\\GitHub\\ASYS5131-Ferreteria\\API-Ferreteria\\src\\database\\database.js","statementMap":{"0":{"start":{"line":13,"column":18},"end":{"line":16,"column":2}},"1":{"start":{"line":24,"column":22},"end":{"line":33,"column":1}},"2":{"start":{"line":25,"column":2},"end":{"line":32,"column":3}},"3":{"start":{"line":26,"column":4},"end":{"line":26,"column":35}},"4":{"start":{"line":27,"column":4},"end":{"line":27,"column":55}},"5":{"start":{"line":28,"column":4},"end":{"line":28,"column":21}},"6":{"start":{"line":30,"column":4},"end":{"line":30,"column":68}},"7":{"start":{"line":31,"column":4},"end":{"line":31,"column":62}}},"fnMap":{"0":{"name":"(anonymous_0)","decl":{"start":{"line":24,"column":22},"end":{"line":24,"column":23}},"loc":{"start":{"line":24,"column":34},"end":{"line":33,"column":1}},"line":24}},"branchMap":{},"s":{"0":1,"1":1,"2":0,"3":0,"4":0,"5":0,"6":0,"7":0},"f":{"0":0},"b":{},"_coverageSchema":"1a1c01bbd47fc00a2c39e90264f33305004495a9","hash":"475876d3233fab3c03269ed7c093e1e44169fd0d"}
,"C:\\Users\\patri\\OneDrive\\Documentos\\GitHub\\ASYS5131-Ferreteria\\API-Ferreteria\\src\\routes\\productos.routes.js": {"path":"C:\\Users\\patri\\OneDrive\\Documentos\\GitHub\\ASYS5131-Ferreteria\\API-Ferreteria\\src\\routes\\productos.routes.js","statementMap":{"0":{"start":{"line":1,"column":16},"end":{"line":1,"column":34}},"1":{"start":{"line":2,"column":15},"end":{"line":2,"column":31}},"2":{"start":{"line":5,"column":0},"end":{"line":8,"column":3}},"3":{"start":{"line":7,"column":2},"end":{"line":7,"column":48}},"4":{"start":{"line":9,"column":0},"end":{"line":12,"column":3}},"5":{"start":{"line":11,"column":2},"end":{"line":11,"column":46}},"6":{"start":{"line":13,"column":0},"end":{"line":13,"column":79}},"7":{"start":{"line":15,"column":0},"end":{"line":15,"column":54}},"8":{"start":{"line":17,"column":0},"end":{"line":17,"column":24}}},"fnMap":{"0":{"name":"(anonymous_0)","decl":{"start":{"line":5,"column":25},"end":{"line":5,"column":26}},"loc":{"start":{"line":5,"column":39},"end":{"line":8,"column":1}},"line":5},"1":{"name":"(anonymous_1)","decl":{"start":{"line":9,"column":29},"end":{"line":9,"column":30}},"loc":{"start":{"line":9,"column":43},"end":{"line":12,"column":1}},"line":9}},"branchMap":{},"s":{"0":1,"1":1,"2":1,"3":2,"4":1,"5":2,"6":1,"7":1,"8":1},"f":{"0":2,"1":2},"b":{},"_coverageSchema":"1a1c01bbd47fc00a2c39e90264f33305004495a9","hash":"a25ac37e1afbd2d2eaf7917eb73260524736aaef"}
,"C:\\Users\\patri\\OneDrive\\Documentos\\GitHub\\ASYS5131-Ferreteria\\API-Ferreteria\\src\\routes\\transbank.routes.js": {"path":"C:\\Users\\patri\\OneDrive\\Documentos\\GitHub\\ASYS5131-Ferreteria\\API-Ferreteria\\src\\routes\\transbank.routes.js","statementMap":{"0":{"start":{"line":1,"column":19},"end":{"line":1,"column":37}},"1":{"start":{"line":2,"column":22},"end":{"line":2,"column":47}},"2":{"start":{"line":3,"column":19},"end":{"line":3,"column":54}},"3":{"start":{"line":4,"column":78},"end":{"line":4,"column":102}},"4":{"start":{"line":6,"column":11},"end":{"line":12,"column":1}},"5":{"start":{"line":14,"column":15},"end":{"line":14,"column":23}},"6":{"start":{"line":17,"column":0},"end":{"line":30,"column":3}},"7":{"start":{"line":18,"column":2},"end":{"line":29,"column":3}},"8":{"start":{"line":19,"column":55},"end":{"line":19,"column":63}},"9":{"start":{"line":20,"column":21},"end":{"line":20,"column":76}},"10":{"start":{"line":21,"column":4},"end":{"line":25,"column":7}},"11":{"start":{"line":27,"column":4},"end":{"line":27,"column":21}},"12":{"start":{"line":28,"column":4},"end":{"line":28,"column":47}},"13":{"start":{"line":33,"column":0},"end":{"line":44,"column":3}},"14":{"start":{"line":34,"column":2},"end":{"line":43,"column":3}},"15":{"start":{"line":35,"column":22},"end":{"line":35,"column":31}},"16":{"start":{"line":36,"column":21},"end":{"line":36,"column":43}},"17":{"start":{"line":37,"column":4},"end":{"line":39,"column":7}},"18":{"start":{"line":41,"column":4},"end":{"line":41,"column":21}},"19":{"start":{"line":42,"column":4},"end":{"line":42,"column":61}},"20":{"start":{"line":47,"column":0},"end":{"line":62,"column":3}},"21":{"start":{"line":48,"column":2},"end":{"line":61,"column":3}},"22":{"start":{"line":49,"column":25},"end":{"line":49,"column":34}},"23":{"start":{"line":50,"column":4},"end":{"line":52,"column":5}},"24":{"start":{"line":51,"column":6},"end":{"line":51,"column":48}},"25":{"start":{"line":53,"column":21},"end":{"line":53,"column":46}},"26":{"start":{"line":54,"column":4},"end":{"line":57,"column":7}},"27":{"start":{"line":59,"column":4},"end":{"line":59,"column":21}},"28":{"start":{"line":60,"column":4},"end":{"line":60,"column":49}},"29":{"start":{"line":64,"column":0},"end":{"line":64,"column":24}}},"fnMap":{"0":{"name":"(anonymous_0)","decl":{"start":{"line":17,"column":23},"end":{"line":17,"column":24}},"loc":{"start":{"line":17,"column":43},"end":{"line":30,"column":1}},"line":17},"1":{"name":"(anonymous_1)","decl":{"start":{"line":33,"column":28},"end":{"line":33,"column":29}},"loc":{"start":{"line":33,"column":48},"end":{"line":44,"column":1}},"line":33},"2":{"name":"(anonymous_2)","decl":{"start":{"line":47,"column":26},"end":{"line":47,"column":27}},"loc":{"start":{"line":47,"column":46},"end":{"line":62,"column":1}},"line":47}},"branchMap":{"0":{"loc":{"start":{"line":50,"column":4},"end":{"line":52,"column":5}},"type":"if","locations":[{"start":{"line":50,"column":4},"end":{"line":52,"column":5}},{"start":{},"end":{}}],"line":50}},"s":{"0":1,"1":1,"2":1,"3":1,"4":1,"5":1,"6":1,"7":0,"8":0,"9":0,"10":0,"11":0,"12":0,"13":1,"14":0,"15":0,"16":0,"17":0,"18":0,"19":0,"20":1,"21":0,"22":0,"23":0,"24":0,"25":0,"26":0,"27":0,"28":0,"29":1},"f":{"0":0,"1":0,"2":0},"b":{"0":[0,0]},"_coverageSchema":"1a1c01bbd47fc00a2c39e90264f33305004495a9","hash":"4e6553ec530620ce0cf7e2a3b75058341775caa8"}
,"C:\\Users\\patri\\OneDrive\\Documentos\\GitHub\\ASYS5131-Ferreteria\\API-Ferreteria\\src\\utils\\error.js": {"path":"C:\\Users\\patri\\OneDrive\\Documentos\\GitHub\\ASYS5131-Ferreteria\\API-Ferreteria\\src\\utils\\error.js","statementMap":{"0":{"start":{"line":15,"column":25},"end":{"line":27,"column":3}},"1":{"start":{"line":16,"column":4},"end":{"line":18,"column":5}},"2":{"start":{"line":17,"column":6},"end":{"line":17,"column":69}},"3":{"start":{"line":19,"column":4},"end":{"line":21,"column":5}},"4":{"start":{"line":20,"column":6},"end":{"line":20,"column":87}},"5":{"start":{"line":23,"column":4},"end":{"line":26,"column":7}}},"fnMap":{"0":{"name":"(anonymous_0)","decl":{"start":{"line":15,"column":25},"end":{"line":15,"column":26}},"loc":{"start":{"line":15,"column":63},"end":{"line":27,"column":3}},"line":15}},"branchMap":{"0":{"loc":{"start":{"line":15,"column":40},"end":{"line":15,"column":58}},"type":"default-arg","locations":[{"start":{"line":15,"column":55},"end":{"line":15,"column":58}}],"line":15},"1":{"loc":{"start":{"line":16,"column":4},"end":{"line":18,"column":5}},"type":"if","locations":[{"start":{"line":16,"column":4},"end":{"line":18,"column":5}},{"start":{},"end":{}}],"line":16},"2":{"loc":{"start":{"line":19,"column":4},"end":{"line":21,"column":5}},"type":"if","locations":[{"start":{"line":19,"column":4},"end":{"line":21,"column":5}},{"start":{},"end":{}}],"line":19},"3":{"loc":{"start":{"line":19,"column":8},"end":{"line":19,"column":83}},"type":"binary-expr","locations":[{"start":{"line":19,"column":8},"end":{"line":19,"column":39}},{"start":{"line":19,"column":43},"end":{"line":19,"column":61}},{"start":{"line":19,"column":65},"end":{"line":19,"column":83}}],"line":19}},"s":{"0":1,"1":0,"2":0,"3":0,"4":0,"5":0},"f":{"0":0},"b":{"0":[0],"1":[0,0],"2":[0,0],"3":[0,0,0]},"_coverageSchema":"1a1c01bbd47fc00a2c39e90264f33305004495a9","hash":"6f3162992ec3e4b28be0f40d68b3ba1e39a2912f"}
}
