{"C:\\Users\\patri\\OneDrive\\Documentos\\GitHub\\ASYS5131-Ferreteria\\API-Ferreteria\\src\\app.js": {"path":"C:\\Users\\patri\\OneDrive\\Documentos\\GitHub\\ASYS5131-Ferreteria\\API-Ferreteria\\src\\app.js","statementMap":{"0":{"start":{"line":2,"column":24},"end":{"line":2,"column":60}},"1":{"start":{"line":4,"column":16},"end":{"line":4,"column":34}},"2":{"start":{"line":5,"column":15},"end":{"line":5,"column":32}},"3":{"start":{"line":6,"column":18},"end":{"line":6,"column":47}},"4":{"start":{"line":8,"column":24},"end":{"line":8,"column":60}},"5":{"start":{"line":20,"column":15},"end":{"line":20,"column":24}},"6":{"start":{"line":21,"column":13},"end":{"line":21,"column":28}},"7":{"start":{"line":24,"column":0},"end":{"line":24,"column":25}},"8":{"start":{"line":25,"column":0},"end":{"line":25,"column":26}},"9":{"start":{"line":27,"column":0},"end":{"line":30,"column":2}},"10":{"start":{"line":32,"column":0},"end":{"line":32,"column":27}},"11":{"start":{"line":33,"column":0},"end":{"line":33,"column":37}},"12":{"start":{"line":34,"column":0},"end":{"line":34,"column":33}},"13":{"start":{"line":35,"column":0},"end":{"line":35,"column":42}},"14":{"start":{"line":37,"column":0},"end":{"line":37,"column":75}},"15":{"start":{"line":40,"column":0},"end":{"line":42,"column":3}},"16":{"start":{"line":41,"column":2},"end":{"line":41,"column":67}},"17":{"start":{"line":43,"column":0},"end":{"line":43,"column":24}}},"fnMap":{"0":{"name":"(anonymous_0)","decl":{"start":{"line":40,"column":11},"end":{"line":40,"column":12}},"loc":{"start":{"line":40,"column":31},"end":{"line":42,"column":1}},"line":40}},"branchMap":{},"s":{"0":1,"1":1,"2":1,"3":1,"4":1,"5":1,"6":1,"7":1,"8":1,"9":1,"10":1,"11":1,"12":1,"13":1,"14":1,"15":1,"16":1,"17":1},"f":{"0":1},"b":{},"_coverageSchema":"1a1c01bbd47fc00a2c39e90264f33305004495a9","hash":"297a5eafd1ed588ca483d6d4564ede68f3fa86e8"}
,"C:\\Users\\patri\\OneDrive\\Documentos\\GitHub\\ASYS5131-Ferreteria\\API-Ferreteria\\src\\config.js": {"path":"C:\\Users\\patri\\OneDrive\\Documentos\\GitHub\\ASYS5131-Ferreteria\\API-Ferreteria\\src\\config.js","statementMap":{"0":{"start":{"line":1,"column":15},"end":{"line":1,"column":32}},"1":{"start":{"line":2,"column":0},"end":{"line":2,"column":16}},"2":{"start":{"line":4,"column":15},"end":{"line":9,"column":1}},"3":{"start":{"line":11,"column":0},"end":{"line":11,"column":24}}},"fnMap":{},"branchMap":{"0":{"loc":{"start":{"line":5,"column":8},"end":{"line":5,"column":30}},"type":"binary-expr","locations":[{"start":{"line":5,"column":8},"end":{"line":5,"column":24}},{"start":{"line":5,"column":28},"end":{"line":5,"column":30}}],"line":5},"1":{"loc":{"start":{"line":6,"column":12},"end":{"line":6,"column":38}},"type":"binary-expr","locations":[{"start":{"line":6,"column":12},"end":{"line":6,"column":32}},{"start":{"line":6,"column":36},"end":{"line":6,"column":38}}],"line":6},"2":{"loc":{"start":{"line":7,"column":8},"end":{"line":7,"column":30}},"type":"binary-expr","locations":[{"start":{"line":7,"column":8},"end":{"line":7,"column":24}},{"start":{"line":7,"column":28},"end":{"line":7,"column":30}}],"line":7},"3":{"loc":{"start":{"line":8,"column":12},"end":{"line":8,"column":38}},"type":"binary-expr","locations":[{"start":{"line":8,"column":12},"end":{"line":8,"column":32}},{"start":{"line":8,"column":36},"end":{"line":8,"column":38}}],"line":8}},"s":{"0":1,"1":1,"2":1,"3":1},"f":{},"b":{"0":[1,0],"1":[1,0],"2":[1,0],"3":[1,0]},"_coverageSchema":"1a1c01bbd47fc00a2c39e90264f33305004495a9","hash":"f0d690ff55efef5db1b176f62c816ffb7d707cdd"}
,"C:\\Users\\patri\\OneDrive\\Documentos\\GitHub\\ASYS5131-Ferreteria\\API-Ferreteria\\src\\controllers\\productos.controller.js": {"path":"C:\\Users\\patri\\OneDrive\\Documentos\\GitHub\\ASYS5131-Ferreteria\\API-Ferreteria\\src\\controllers\\productos.controller.js","statementMap":{"0":{"start":{"line":4,"column":18},"end":{"line":4,"column":49}},"1":{"start":{"line":7,"column":24},"end":{"line":37,"column":1}},"2":{"start":{"line":8,"column":2},"end":{"line":36,"column":3}},"3":{"start":{"line":9,"column":22},"end":{"line":9,"column":43}},"4":{"start":{"line":10,"column":31},"end":{"line":24,"column":5}},"5":{"start":{"line":27,"column":4},"end":{"line":30,"column":5}},"6":{"start":{"line":28,"column":6},"end":{"line":28,"column":51}},"7":{"start":{"line":29,"column":6},"end":{"line":29,"column":80}},"8":{"start":{"line":32,"column":4},"end":{"line":32,"column":21}},"9":{"start":{"line":34,"column":4},"end":{"line":34,"column":20}},"10":{"start":{"line":35,"column":4},"end":{"line":35,"column":28}},"11":{"start":{"line":40,"column":22},"end":{"line":75,"column":1}},"12":{"start":{"line":41,"column":2},"end":{"line":74,"column":3}},"13":{"start":{"line":43,"column":19},"end":{"line":43,"column":29}},"14":{"start":{"line":44,"column":22},"end":{"line":44,"column":43}},"15":{"start":{"line":45,"column":31},"end":{"line":62,"column":5}},"16":{"start":{"line":65,"column":4},"end":{"line":69,"column":5}},"17":{"start":{"line":66,"column":6},"end":{"line":68,"column":70}},"18":{"start":{"line":70,"column":4},"end":{"line":70,"column":21}},"19":{"start":{"line":72,"column":4},"end":{"line":72,"column":20}},"20":{"start":{"line":73,"column":4},"end":{"line":73,"column":28}},"21":{"start":{"line":77,"column":26},"end":{"line":109,"column":1}},"22":{"start":{"line":78,"column":2},"end":{"line":108,"column":3}},"23":{"start":{"line":79,"column":23},"end":{"line":79,"column":33}},"24":{"start":{"line":80,"column":22},"end":{"line":80,"column":43}},"25":{"start":{"line":81,"column":32},"end":{"line":98,"column":5}},"26":{"start":{"line":100,"column":4},"end":{"line":104,"column":5}},"27":{"start":{"line":101,"column":6},"end":{"line":103,"column":70}},"28":{"start":{"line":105,"column":4},"end":{"line":105,"column":22}},"29":{"start":{"line":107,"column":4},"end":{"line":107,"column":53}},"30":{"start":{"line":112,"column":19},"end":{"line":140,"column":1}},"31":{"start":{"line":113,"column":2},"end":{"line":139,"column":3}},"32":{"start":{"line":114,"column":23},"end":{"line":114,"column":33}},"33":{"start":{"line":115,"column":22},"end":{"line":115,"column":43}},"34":{"start":{"line":116,"column":32},"end":{"line":129,"column":5}},"35":{"start":{"line":131,"column":4},"end":{"line":135,"column":5}},"36":{"start":{"line":132,"column":6},"end":{"line":134,"column":56}},"37":{"start":{"line":136,"column":4},"end":{"line":136,"column":22}},"38":{"start":{"line":138,"column":4},"end":{"line":138,"column":53}},"39":{"start":{"line":144,"column":24},"end":{"line":150,"column":1}}},"fnMap":{"0":{"name":"(anonymous_0)","decl":{"start":{"line":7,"column":24},"end":{"line":7,"column":25}},"loc":{"start":{"line":7,"column":44},"end":{"line":37,"column":1}},"line":7},"1":{"name":"(anonymous_1)","decl":{"start":{"line":40,"column":22},"end":{"line":40,"column":23}},"loc":{"start":{"line":40,"column":42},"end":{"line":75,"column":1}},"line":40},"2":{"name":"(anonymous_2)","decl":{"start":{"line":77,"column":26},"end":{"line":77,"column":27}},"loc":{"start":{"line":77,"column":46},"end":{"line":109,"column":1}},"line":77},"3":{"name":"(anonymous_3)","decl":{"start":{"line":112,"column":19},"end":{"line":112,"column":20}},"loc":{"start":{"line":112,"column":39},"end":{"line":140,"column":1}},"line":112}},"branchMap":{"0":{"loc":{"start":{"line":27,"column":4},"end":{"line":30,"column":5}},"type":"if","locations":[{"start":{"line":27,"column":4},"end":{"line":30,"column":5}},{"start":{},"end":{}}],"line":27},"1":{"loc":{"start":{"line":65,"column":4},"end":{"line":69,"column":5}},"type":"if","locations":[{"start":{"line":65,"column":4},"end":{"line":69,"column":5}},{"start":{},"end":{}}],"line":65},"2":{"loc":{"start":{"line":100,"column":4},"end":{"line":104,"column":5}},"type":"if","locations":[{"start":{"line":100,"column":4},"end":{"line":104,"column":5}},{"start":{},"end":{}}],"line":100},"3":{"loc":{"start":{"line":131,"column":4},"end":{"line":135,"column":5}},"type":"if","locations":[{"start":{"line":131,"column":4},"end":{"line":135,"column":5}},{"start":{},"end":{}}],"line":131}},"s":{"0":1,"1":1,"2":2,"3":2,"4":2,"5":2,"6":1,"7":1,"8":1,"9":0,"10":0,"11":1,"12":2,"13":2,"14":2,"15":2,"16":2,"17":1,"18":1,"19":0,"20":0,"21":1,"22":2,"23":2,"24":2,"25":2,"26":0,"27":0,"28":0,"29":2,"30":1,"31":1,"32":1,"33":1,"34":1,"35":0,"36":0,"37":0,"38":1,"39":1},"f":{"0":2,"1":2,"2":2,"3":1},"b":{"0":[1,1],"1":[1,1],"2":[0,0],"3":[0,0]},"_coverageSchema":"1a1c01bbd47fc00a2c39e90264f33305004495a9","hash":"5cae64fcfea06aee688480793bdda42fc8326f52"}
,"C:\\Users\\patri\\OneDrive\\Documentos\\GitHub\\ASYS5131-Ferreteria\\API-Ferreteria\\src\\database\\database.js": {"path":"C:\\Users\\patri\\OneDrive\\Documentos\\GitHub\\ASYS5131-Ferreteria\\API-Ferreteria\\src\\database\\database.js","statementMap":{"0":{"start":{"line":19,"column":22},"end":{"line":19,"column":42}},"1":{"start":{"line":20,"column":15},"end":{"line":20,"column":37}},"2":{"start":{"line":22,"column":14},"end":{"line":22,"column":38}},"3":{"start":{"line":25,"column":18},"end":{"line":28,"column":2}},"4":{"start":{"line":34,"column":22},"end":{"line":44,"column":1}},"5":{"start":{"line":35,"column":2},"end":{"line":43,"column":3}},"6":{"start":{"line":37,"column":4},"end":{"line":37,"column":35}},"7":{"start":{"line":38,"column":4},"end":{"line":38,"column":55}},"8":{"start":{"line":39,"column":4},"end":{"line":39,"column":21}},"9":{"start":{"line":41,"column":4},"end":{"line":41,"column":68}},"10":{"start":{"line":42,"column":4},"end":{"line":42,"column":16}},"11":{"start":{"line":47,"column":0},"end":{"line":51,"column":2}}},"fnMap":{"0":{"name":"(anonymous_0)","decl":{"start":{"line":34,"column":22},"end":{"line":34,"column":23}},"loc":{"start":{"line":34,"column":34},"end":{"line":44,"column":1}},"line":34}},"branchMap":{},"s":{"0":1,"1":1,"2":1,"3":1,"4":1,"5":0,"6":0,"7":0,"8":0,"9":0,"10":0,"11":1},"f":{"0":0},"b":{},"_coverageSchema":"1a1c01bbd47fc00a2c39e90264f33305004495a9","hash":"478c2e2f7effe4ead61a69bd4de5dbe80e99c63e"}
,"C:\\Users\\patri\\OneDrive\\Documentos\\GitHub\\ASYS5131-Ferreteria\\API-Ferreteria\\src\\routes\\productos.routes.js": {"path":"C:\\Users\\patri\\OneDrive\\Documentos\\GitHub\\ASYS5131-Ferreteria\\API-Ferreteria\\src\\routes\\productos.routes.js","statementMap":{"0":{"start":{"line":1,"column":16},"end":{"line":1,"column":34}},"1":{"start":{"line":2,"column":15},"end":{"line":2,"column":31}},"2":{"start":{"line":5,"column":0},"end":{"line":8,"column":3}},"3":{"start":{"line":7,"column":2},"end":{"line":7,"column":48}},"4":{"start":{"line":9,"column":0},"end":{"line":12,"column":3}},"5":{"start":{"line":11,"column":2},"end":{"line":11,"column":46}},"6":{"start":{"line":13,"column":0},"end":{"line":13,"column":79}},"7":{"start":{"line":15,"column":0},"end":{"line":15,"column":54}},"8":{"start":{"line":17,"column":0},"end":{"line":17,"column":24}}},"fnMap":{"0":{"name":"(anonymous_0)","decl":{"start":{"line":5,"column":25},"end":{"line":5,"column":26}},"loc":{"start":{"line":5,"column":39},"end":{"line":8,"column":1}},"line":5},"1":{"name":"(anonymous_1)","decl":{"start":{"line":9,"column":29},"end":{"line":9,"column":30}},"loc":{"start":{"line":9,"column":43},"end":{"line":12,"column":1}},"line":9}},"branchMap":{},"s":{"0":1,"1":1,"2":1,"3":2,"4":1,"5":2,"6":1,"7":1,"8":1},"f":{"0":2,"1":2},"b":{},"_coverageSchema":"1a1c01bbd47fc00a2c39e90264f33305004495a9","hash":"a25ac37e1afbd2d2eaf7917eb73260524736aaef"}
,"C:\\Users\\patri\\OneDrive\\Documentos\\GitHub\\ASYS5131-Ferreteria\\API-Ferreteria\\src\\routes\\transbank.routes.js": {"path":"C:\\Users\\patri\\OneDrive\\Documentos\\GitHub\\ASYS5131-Ferreteria\\API-Ferreteria\\src\\routes\\transbank.routes.js","statementMap":{"0":{"start":{"line":1,"column":19},"end":{"line":1,"column":37}},"1":{"start":{"line":2,"column":22},"end":{"line":2,"column":47}},"2":{"start":{"line":3,"column":19},"end":{"line":3,"column":54}},"3":{"start":{"line":4,"column":78},"end":{"line":4,"column":102}},"4":{"start":{"line":6,"column":11},"end":{"line":12,"column":1}},"5":{"start":{"line":14,"column":15},"end":{"line":14,"column":23}},"6":{"start":{"line":17,"column":0},"end":{"line":30,"column":3}},"7":{"start":{"line":18,"column":2},"end":{"line":29,"column":3}},"8":{"start":{"line":19,"column":55},"end":{"line":19,"column":63}},"9":{"start":{"line":20,"column":21},"end":{"line":20,"column":76}},"10":{"start":{"line":21,"column":4},"end":{"line":25,"column":7}},"11":{"start":{"line":27,"column":4},"end":{"line":27,"column":21}},"12":{"start":{"line":28,"column":4},"end":{"line":28,"column":47}},"13":{"start":{"line":33,"column":0},"end":{"line":44,"column":3}},"14":{"start":{"line":34,"column":2},"end":{"line":43,"column":3}},"15":{"start":{"line":35,"column":22},"end":{"line":35,"column":31}},"16":{"start":{"line":36,"column":21},"end":{"line":36,"column":43}},"17":{"start":{"line":37,"column":4},"end":{"line":39,"column":7}},"18":{"start":{"line":41,"column":4},"end":{"line":41,"column":21}},"19":{"start":{"line":42,"column":4},"end":{"line":42,"column":61}},"20":{"start":{"line":47,"column":0},"end":{"line":62,"column":3}},"21":{"start":{"line":48,"column":2},"end":{"line":61,"column":3}},"22":{"start":{"line":49,"column":25},"end":{"line":49,"column":34}},"23":{"start":{"line":50,"column":4},"end":{"line":52,"column":5}},"24":{"start":{"line":51,"column":6},"end":{"line":51,"column":48}},"25":{"start":{"line":53,"column":21},"end":{"line":53,"column":46}},"26":{"start":{"line":54,"column":4},"end":{"line":57,"column":7}},"27":{"start":{"line":59,"column":4},"end":{"line":59,"column":21}},"28":{"start":{"line":60,"column":4},"end":{"line":60,"column":49}},"29":{"start":{"line":64,"column":0},"end":{"line":64,"column":24}}},"fnMap":{"0":{"name":"(anonymous_0)","decl":{"start":{"line":17,"column":23},"end":{"line":17,"column":24}},"loc":{"start":{"line":17,"column":43},"end":{"line":30,"column":1}},"line":17},"1":{"name":"(anonymous_1)","decl":{"start":{"line":33,"column":28},"end":{"line":33,"column":29}},"loc":{"start":{"line":33,"column":48},"end":{"line":44,"column":1}},"line":33},"2":{"name":"(anonymous_2)","decl":{"start":{"line":47,"column":26},"end":{"line":47,"column":27}},"loc":{"start":{"line":47,"column":46},"end":{"line":62,"column":1}},"line":47}},"branchMap":{"0":{"loc":{"start":{"line":50,"column":4},"end":{"line":52,"column":5}},"type":"if","locations":[{"start":{"line":50,"column":4},"end":{"line":52,"column":5}},{"start":{},"end":{}}],"line":50}},"s":{"0":1,"1":1,"2":1,"3":1,"4":1,"5":1,"6":1,"7":0,"8":0,"9":0,"10":0,"11":0,"12":0,"13":1,"14":0,"15":0,"16":0,"17":0,"18":0,"19":0,"20":1,"21":0,"22":0,"23":0,"24":0,"25":0,"26":0,"27":0,"28":0,"29":1},"f":{"0":0,"1":0,"2":0},"b":{"0":[0,0]},"_coverageSchema":"1a1c01bbd47fc00a2c39e90264f33305004495a9","hash":"4e6553ec530620ce0cf7e2a3b75058341775caa8"}
,"C:\\Users\\patri\\OneDrive\\Documentos\\GitHub\\ASYS5131-Ferreteria\\API-Ferreteria\\src\\utils\\error.js": {"path":"C:\\Users\\patri\\OneDrive\\Documentos\\GitHub\\ASYS5131-Ferreteria\\API-Ferreteria\\src\\utils\\error.js","statementMap":{"0":{"start":{"line":2,"column":18},"end":{"line":9,"column":1}},"1":{"start":{"line":3,"column":4},"end":{"line":8,"column":6}},"2":{"start":{"line":11,"column":0},"end":{"line":13,"column":1}}},"fnMap":{"0":{"name":"(anonymous_0)","decl":{"start":{"line":2,"column":18},"end":{"line":2,"column":19}},"loc":{"start":{"line":2,"column":46},"end":{"line":9,"column":1}},"line":2}},"branchMap":{"0":{"loc":{"start":{"line":2,"column":29},"end":{"line":2,"column":41}},"type":"default-arg","locations":[{"start":{"line":2,"column":38},"end":{"line":2,"column":41}}],"line":2}},"s":{"0":1,"1":0,"2":1},"f":{"0":0},"b":{"0":[0]},"_coverageSchema":"1a1c01bbd47fc00a2c39e90264f33305004495a9","hash":"fabb321c50a65cc5ddada61706bdc5579275accf"}
}
