TN:
SF:src\app.js
FN:40,(anonymous_0)
FNF:1
FNH:1
FNDA:1,(anonymous_0)
DA:2,1
DA:4,1
DA:5,1
DA:6,1
DA:8,1
DA:20,1
DA:21,1
DA:24,1
DA:25,1
DA:27,1
DA:32,1
DA:33,1
DA:34,1
DA:35,1
DA:37,1
DA:40,1
DA:41,1
DA:43,1
LF:18
LH:18
BRF:0
BRH:0
end_of_record
TN:
SF:src\config.js
FNF:0
FNH:0
DA:1,1
DA:2,1
DA:4,1
DA:11,1
LF:4
LH:4
BRDA:5,0,0,1
BRDA:5,0,1,0
BRDA:6,1,0,1
BRDA:6,1,1,0
BRDA:7,2,0,1
BRDA:7,2,1,0
BRDA:8,3,0,1
BRDA:8,3,1,0
BRF:8
BRH:4
end_of_record
TN:
SF:src\controllers\productos.controller.js
FN:7,(anonymous_0)
FN:40,(anonymous_1)
FN:77,(anonymous_2)
FN:112,(anonymous_3)
FNF:4
FNH:4
FNDA:2,(anonymous_0)
FNDA:2,(anonymous_1)
FNDA:2,(anonymous_2)
FNDA:1,(anonymous_3)
DA:4,1
DA:7,1
DA:8,2
DA:9,2
DA:10,2
DA:27,2
DA:28,1
DA:29,1
DA:32,1
DA:34,0
DA:35,0
DA:40,1
DA:41,2
DA:43,2
DA:44,2
DA:45,2
DA:65,2
DA:66,1
DA:70,1
DA:72,0
DA:73,0
DA:77,1
DA:78,2
DA:79,2
DA:80,2
DA:81,2
DA:100,0
DA:101,0
DA:105,0
DA:107,2
DA:112,1
DA:113,1
DA:114,1
DA:115,1
DA:116,1
DA:131,0
DA:132,0
DA:136,0
DA:138,1
DA:144,1
LF:40
LH:30
BRDA:27,0,0,1
BRDA:27,0,1,1
BRDA:65,1,0,1
BRDA:65,1,1,1
BRDA:100,2,0,0
BRDA:100,2,1,0
BRDA:131,3,0,0
BRDA:131,3,1,0
BRF:8
BRH:4
end_of_record
TN:
SF:src\database\database.js
FN:34,(anonymous_0)
FNF:1
FNH:0
FNDA:0,(anonymous_0)
DA:19,1
DA:20,1
DA:22,1
DA:25,1
DA:34,1
DA:35,0
DA:37,0
DA:38,0
DA:39,0
DA:41,0
DA:42,0
DA:47,1
LF:12
LH:6
BRF:0
BRH:0
end_of_record
TN:
SF:src\routes\productos.routes.js
FN:5,(anonymous_0)
FN:9,(anonymous_1)
FNF:2
FNH:2
FNDA:2,(anonymous_0)
FNDA:2,(anonymous_1)
DA:1,1
DA:2,1
DA:5,1
DA:7,2
DA:9,1
DA:11,2
DA:13,1
DA:15,1
DA:17,1
LF:9
LH:9
BRF:0
BRH:0
end_of_record
TN:
SF:src\routes\transbank.routes.js
FN:17,(anonymous_0)
FN:33,(anonymous_1)
FN:47,(anonymous_2)
FNF:3
FNH:0
FNDA:0,(anonymous_0)
FNDA:0,(anonymous_1)
FNDA:0,(anonymous_2)
DA:1,1
DA:2,1
DA:3,1
DA:4,1
DA:6,1
DA:14,1
DA:17,1
DA:18,0
DA:19,0
DA:20,0
DA:21,0
DA:27,0
DA:28,0
DA:33,1
DA:34,0
DA:35,0
DA:36,0
DA:37,0
DA:41,0
DA:42,0
DA:47,1
DA:48,0
DA:49,0
DA:50,0
DA:51,0
DA:53,0
DA:54,0
DA:59,0
DA:60,0
DA:64,1
LF:30
LH:10
BRDA:50,0,0,0
BRDA:50,0,1,0
BRF:2
BRH:0
end_of_record
TN:
SF:src\utils\error.js
FN:2,(anonymous_0)
FNF:1
FNH:0
FNDA:0,(anonymous_0)
DA:2,1
DA:3,0
DA:11,1
LF:3
LH:2
BRDA:2,0,0,0
BRF:1
BRH:0
end_of_record
