TN:
SF:src\app.js
FN:42,(anonymous_0)
FNF:1
FNH:0
FNDA:0,(anonymous_0)
DA:10,1
DA:11,1
DA:14,1
DA:15,1
DA:16,1
DA:17,1
DA:18,1
DA:22,1
DA:25,1
DA:28,1
DA:29,1
DA:30,1
DA:31,1
DA:32,1
DA:35,1
DA:36,1
DA:39,1
DA:42,1
DA:43,0
DA:46,1
LF:20
LH:19
BRF:0
BRH:0
end_of_record
TN:
SF:src\config.js
FN:28,(anonymous_0)
FNF:1
FNH:1
FNDA:4,(anonymous_0)
DA:15,1
DA:16,1
DA:18,1
DA:20,1
DA:28,1
DA:29,4
DA:30,0
DA:36,1
LF:8
LH:7
BRDA:21,0,0,1
BRDA:21,0,1,0
BRDA:22,1,0,1
BRDA:22,1,1,0
BRDA:23,2,0,1
BRDA:23,2,1,0
BRDA:24,3,0,1
BRDA:24,3,1,0
BRDA:29,4,0,0
BRDA:29,4,1,4
BRDA:29,5,0,4
BRDA:29,5,1,0
BRF:12
BRH:6
end_of_record
TN:
SF:src\controllers\productos.controller.js
FN:39,(anonymous_0)
FN:45,(anonymous_1)
FN:73,(anonymous_2)
FN:111,(anonymous_3)
FN:146,(anonymous_4)
FNF:5
FNH:5
FNDA:6,(anonymous_0)
FNDA:2,(anonymous_1)
FNDA:2,(anonymous_2)
FNDA:2,(anonymous_3)
FNDA:2,(anonymous_4)
DA:23,1
DA:26,1
DA:32,1
DA:39,1
DA:40,6
DA:41,6
DA:45,1
DA:46,2
DA:47,2
DA:48,2
DA:63,2
DA:64,1
DA:66,1
DA:68,0
DA:73,1
DA:74,2
DA:75,2
DA:76,2
DA:77,0
DA:80,2
DA:81,2
DA:102,0
DA:103,0
DA:105,0
DA:107,2
DA:111,1
DA:112,2
DA:113,2
DA:114,2
DA:115,0
DA:118,2
DA:119,2
DA:137,0
DA:138,0
DA:140,0
DA:142,2
DA:146,1
DA:147,2
DA:148,2
DA:149,2
DA:160,0
DA:161,0
DA:163,0
DA:165,2
DA:170,1
LF:45
LH:33
BRDA:63,0,0,1
BRDA:63,0,1,1
BRDA:76,1,0,0
BRDA:76,1,1,2
BRDA:76,2,0,2
BRDA:76,2,1,2
BRDA:102,3,0,0
BRDA:102,3,1,0
BRDA:114,4,0,0
BRDA:114,4,1,2
BRDA:137,5,0,0
BRDA:137,5,1,0
BRDA:160,6,0,0
BRDA:160,6,1,0
BRF:14
BRH:6
end_of_record
TN:
SF:src\database\database.js
FN:24,(anonymous_0)
FNF:1
FNH:0
FNDA:0,(anonymous_0)
DA:13,1
DA:24,1
DA:25,0
DA:26,0
DA:27,0
DA:28,0
DA:30,0
DA:31,0
LF:8
LH:2
BRF:0
BRH:0
end_of_record
TN:
SF:src\routes\productos.routes.js
FN:5,(anonymous_0)
FN:9,(anonymous_1)
FNF:2
FNH:2
FNDA:2,(anonymous_0)
FNDA:2,(anonymous_1)
DA:1,1
DA:2,1
DA:5,1
DA:7,2
DA:9,1
DA:11,2
DA:13,1
DA:15,1
DA:17,1
LF:9
LH:9
BRF:0
BRH:0
end_of_record
TN:
SF:src\routes\transbank.routes.js
FN:17,(anonymous_0)
FN:33,(anonymous_1)
FN:47,(anonymous_2)
FNF:3
FNH:0
FNDA:0,(anonymous_0)
FNDA:0,(anonymous_1)
FNDA:0,(anonymous_2)
DA:1,1
DA:2,1
DA:3,1
DA:4,1
DA:6,1
DA:14,1
DA:17,1
DA:18,0
DA:19,0
DA:20,0
DA:21,0
DA:27,0
DA:28,0
DA:33,1
DA:34,0
DA:35,0
DA:36,0
DA:37,0
DA:41,0
DA:42,0
DA:47,1
DA:48,0
DA:49,0
DA:50,0
DA:51,0
DA:53,0
DA:54,0
DA:59,0
DA:60,0
DA:64,1
LF:30
LH:10
BRDA:50,0,0,0
BRDA:50,0,1,0
BRF:2
BRH:0
end_of_record
TN:
SF:src\utils\error.js
FN:15,(anonymous_0)
FNF:1
FNH:0
FNDA:0,(anonymous_0)
DA:15,1
DA:16,0
DA:17,0
DA:19,0
DA:20,0
DA:23,0
LF:6
LH:1
BRDA:15,0,0,0
BRDA:16,1,0,0
BRDA:16,1,1,0
BRDA:19,2,0,0
BRDA:19,2,1,0
BRDA:19,3,0,0
BRDA:19,3,1,0
BRDA:19,3,2,0
BRF:8
BRH:0
end_of_record
